Build started 5/2/2012 4:54:47 PM.
     1>Project "E:\Documents\OIT Class Materials\Cst211 Spring '12\Assignment7\Assignment7\Assignment7.vcxproj" on node 2 (build target(s)).
     1>InitializeBuildStatus:
         Touching "Debug\Assignment7.unsuccessfulbuild".
       ClCompile:
         C:\Program Files (x86)\Microsoft Visual Studio 10.0\VC\bin\CL.exe /c /ZI /nologo /W3 /WX- /Od /Oy- /D WIN32 /D _DEBUG /D _CONSOLE /D _UNICODE /D UNICODE /Gm /EHsc /RTC1 /MDd /GS /fp:precise /Zc:wchar_t /Zc:forScope /Fo"Debug\\" /Fd"Debug\vc100.pdb" /Gd /TP /analyze- /errorReport:prompt "..\..\..\Cst211 Spring '12\Assignment7\Assignment7\main.cpp"
         main.cpp
     1>e:\documents\oit class materials\cst211 spring '12\assignment7\assignment7\stack.h(132): warning C4172: returning address of local variable or temporary
                 e:\documents\oit class materials\cst211 spring '12\assignment7\assignment7\stack.h(124) : while compiling class template member function 'const int &Stack<T>::Pop(void)'
                 with
                 [
                     T=int
                 ]
                 e:\documents\oit class materials\cst211 spring '12\assignment7\assignment7\main.cpp(31) : see reference to class template instantiation 'Stack<T>' being compiled
                 with
                 [
                     T=int
                 ]
       ManifestResourceCompile:
         All outputs are up-to-date.
       Link:
         C:\Program Files (x86)\Microsoft Visual Studio 10.0\VC\bin\link.exe /ERRORREPORT:PROMPT /OUT:"E:\Documents\OIT Class Materials\Cst211 Spring '12\Assignment7\Debug\Assignment7.exe" /INCREMENTAL /NOLOGO kernel32.lib user32.lib gdi32.lib winspool.lib comdlg32.lib advapi32.lib shell32.lib ole32.lib oleaut32.lib uuid.lib odbc32.lib odbccp32.lib /MANIFEST /ManifestFile:"Debug\Assignment7.exe.intermediate.manifest" /MANIFESTUAC:"level='asInvoker' uiAccess='false'" /DEBUG /PDB:"E:\Documents\OIT Class Materials\Cst211 Spring '12\Assignment7\Debug\Assignment7.pdb" /SUBSYSTEM:CONSOLE /TLBID:1 /DYNAMICBASE /NXCOMPAT /IMPLIB:"E:\Documents\OIT Class Materials\Cst211 Spring '12\Assignment7\Debug\Assignment7.lib" /MACHINE:X86 Debug\Assignment7.exe.embed.manifest.res
         Debug\Exception.obj
         Debug\main.obj
       Manifest:
         C:\Program Files (x86)\Microsoft SDKs\Windows\v7.0A\bin\mt.exe /nologo /verbose /out:"Debug\Assignment7.exe.embed.manifest" /manifest Debug\Assignment7.exe.intermediate.manifest
         All outputs are up-to-date.
       LinkEmbedManifest:
         All outputs are up-to-date.
         Assignment7.vcxproj -> E:\Documents\OIT Class Materials\Cst211 Spring '12\Assignment7\Debug\Assignment7.exe
       FinalizeBuildStatus:
         Deleting file "Debug\Assignment7.unsuccessfulbuild".
         Touching "Debug\Assignment7.lastbuildstate".
     1>Done Building Project "E:\Documents\OIT Class Materials\Cst211 Spring '12\Assignment7\Assignment7\Assignment7.vcxproj" (build target(s)).

Build succeeded.

Time Elapsed 00:00:01.11
