E:\DOCUMENTS\OIT CLASS MATERIALS\CST211 SPRING '12\LAB1 - ALCHEMY GAME\DEBUG\LAB1 - ALCHEMY GAME.EXE
E:\DOCUMENTS\OIT CLASS MATERIALS\CST211 SPRING '12\LAB1 - ALCHEMY GAME\DEBUG\LAB1 - ALCHEMY GAME.ILK
E:\DOCUMENTS\OIT CLASS MATERIALS\CST211 SPRING '12\LAB1 - ALCHEMY GAME\DEBUG\LAB1 - ALCHEMY GAME.PDB
E:\DOCUMENTS\OIT CLASS MATERIALS\CST211 SPRING '12\LAB1 - ALCHEMY GAME\LAB1 - ALCHEMY GAME\DEBUG\ALCHEMYGAME.OBJ
E:\Documents\OIT Class Materials\Cst211 Spring '12\Lab1 - Alchemy Game\Lab1 - Alchemy Game\Debug\cl.command.1.tlog
E:\Documents\OIT Class Materials\Cst211 Spring '12\Lab1 - Alchemy Game\Lab1 - Alchemy Game\Debug\CL.read.1.tlog
E:\Documents\OIT Class Materials\Cst211 Spring '12\Lab1 - Alchemy Game\Lab1 - Alchemy Game\Debug\CL.write.1.tlog
E:\DOCUMENTS\OIT CLASS MATERIALS\CST211 SPRING '12\LAB1 - ALCHEMY GAME\LAB1 - ALCHEMY GAME\DEBUG\EXCEPTION.OBJ
E:\DOCUMENTS\OIT CLASS MATERIALS\CST211 SPRING '12\LAB1 - ALCHEMY GAME\LAB1 - ALCHEMY GAME\DEBUG\GAMEBOARD.OBJ
E:\DOCUMENTS\OIT CLASS MATERIALS\CST211 SPRING '12\LAB1 - ALCHEMY GAME\LAB1 - ALCHEMY GAME\DEBUG\LAB1 - ALCHEMY GAME.EXE.EMBED.MANIFEST
E:\DOCUMENTS\OIT CLASS MATERIALS\CST211 SPRING '12\LAB1 - ALCHEMY GAME\LAB1 - ALCHEMY GAME\DEBUG\LAB1 - ALCHEMY GAME.EXE.EMBED.MANIFEST.RES
E:\DOCUMENTS\OIT CLASS MATERIALS\CST211 SPRING '12\LAB1 - ALCHEMY GAME\LAB1 - ALCHEMY GAME\DEBUG\LAB1 - ALCHEMY GAME.EXE.INTERMEDIATE.MANIFEST
E:\Documents\OIT Class Materials\Cst211 Spring '12\Lab1 - Alchemy Game\Lab1 - Alchemy Game\Debug\Lab1 - Alchemy Game_manifest.rc
E:\Documents\OIT Class Materials\Cst211 Spring '12\Lab1 - Alchemy Game\Lab1 - Alchemy Game\Debug\link.5560.read.1.tlog
E:\Documents\OIT Class Materials\Cst211 Spring '12\Lab1 - Alchemy Game\Lab1 - Alchemy Game\Debug\link.5560.write.1.tlog
E:\Documents\OIT Class Materials\Cst211 Spring '12\Lab1 - Alchemy Game\Lab1 - Alchemy Game\Debug\link.5560-cvtres.read.1.tlog
E:\Documents\OIT Class Materials\Cst211 Spring '12\Lab1 - Alchemy Game\Lab1 - Alchemy Game\Debug\link.5560-cvtres.write.1.tlog
E:\Documents\OIT Class Materials\Cst211 Spring '12\Lab1 - Alchemy Game\Lab1 - Alchemy Game\Debug\link.command.1.tlog
E:\Documents\OIT Class Materials\Cst211 Spring '12\Lab1 - Alchemy Game\Lab1 - Alchemy Game\Debug\link.read.1.tlog
E:\Documents\OIT Class Materials\Cst211 Spring '12\Lab1 - Alchemy Game\Lab1 - Alchemy Game\Debug\link.write.1.tlog
E:\Documents\OIT Class Materials\Cst211 Spring '12\Lab1 - Alchemy Game\Lab1 - Alchemy Game\Debug\link-cvtres.read.1.tlog
E:\Documents\OIT Class Materials\Cst211 Spring '12\Lab1 - Alchemy Game\Lab1 - Alchemy Game\Debug\link-cvtres.write.1.tlog
E:\DOCUMENTS\OIT CLASS MATERIALS\CST211 SPRING '12\LAB1 - ALCHEMY GAME\LAB1 - ALCHEMY GAME\DEBUG\MAIN.OBJ
E:\Documents\OIT Class Materials\Cst211 Spring '12\Lab1 - Alchemy Game\Lab1 - Alchemy Game\Debug\mt.command.1.tlog
E:\Documents\OIT Class Materials\Cst211 Spring '12\Lab1 - Alchemy Game\Lab1 - Alchemy Game\Debug\mt.read.1.tlog
E:\Documents\OIT Class Materials\Cst211 Spring '12\Lab1 - Alchemy Game\Lab1 - Alchemy Game\Debug\mt.write.1.tlog
E:\DOCUMENTS\OIT CLASS MATERIALS\CST211 SPRING '12\LAB1 - ALCHEMY GAME\LAB1 - ALCHEMY GAME\DEBUG\RANDOMNUMBERGENERATOR.OBJ
E:\Documents\OIT Class Materials\Cst211 Spring '12\Lab1 - Alchemy Game\Lab1 - Alchemy Game\Debug\rc.command.1.tlog
E:\Documents\OIT Class Materials\Cst211 Spring '12\Lab1 - Alchemy Game\Lab1 - Alchemy Game\Debug\rc.read.1.tlog
E:\Documents\OIT Class Materials\Cst211 Spring '12\Lab1 - Alchemy Game\Lab1 - Alchemy Game\Debug\rc.write.1.tlog
E:\DOCUMENTS\OIT CLASS MATERIALS\CST211 SPRING '12\LAB1 - ALCHEMY GAME\LAB1 - ALCHEMY GAME\DEBUG\SYMBOL.OBJ
E:\Documents\OIT Class Materials\Cst211 Spring '12\Lab1 - Alchemy Game\Lab1 - Alchemy Game\Debug\vc100.idb
E:\DOCUMENTS\OIT CLASS MATERIALS\CST211 SPRING '12\LAB1 - ALCHEMY GAME\LAB1 - ALCHEMY GAME\DEBUG\VC100.PDB
