Build started 5/26/2012 6:12:40 PM.
     1>Project "E:\Documents\OIT Class Materials\Cst211 Spring '12\Assignment 11\Assignment 11\Assignment 11.vcxproj" on node 2 (build target(s)).
     1>InitializeBuildStatus:
         Touching "Debug\Assignment 11.unsuccessfulbuild".
       ClCompile:
         C:\Program Files (x86)\Microsoft Visual Studio 10.0\VC\bin\CL.exe /c /ZI /nologo /W3 /WX- /Od /Oy- /D WIN32 /D _DEBUG /D _CONSOLE /D _UNICODE /D UNICODE /Gm /EHsc /RTC1 /MDd /GS /fp:precise /Zc:wchar_t /Zc:forScope /Fo"Debug\\" /Fd"Debug\vc100.pdb" /Gd /TP /analyze- /errorReport:prompt "..\..\..\Cst211 Spring '12\Assignment 11\Assignment 11\main.cpp"
         main.cpp
       ManifestResourceCompile:
         All outputs are up-to-date.
       Link:
         C:\Program Files (x86)\Microsoft Visual Studio 10.0\VC\bin\link.exe /ERRORREPORT:PROMPT /OUT:"E:\Documents\OIT Class Materials\Cst211 Spring '12\Assignment 11\Debug\Assignment 11.exe" /INCREMENTAL /NOLOGO kernel32.lib user32.lib gdi32.lib winspool.lib comdlg32.lib advapi32.lib shell32.lib ole32.lib oleaut32.lib uuid.lib odbc32.lib odbccp32.lib /MANIFEST /ManifestFile:"Debug\Assignment 11.exe.intermediate.manifest" /MANIFESTUAC:"level='asInvoker' uiAccess='false'" /DEBUG /PDB:"E:\Documents\OIT Class Materials\Cst211 Spring '12\Assignment 11\Debug\Assignment 11.pdb" /SUBSYSTEM:CONSOLE /TLBID:1 /DYNAMICBASE /NXCOMPAT /IMPLIB:"E:\Documents\OIT Class Materials\Cst211 Spring '12\Assignment 11\Debug\Assignment 11.lib" /MACHINE:X86 "Debug\Assignment 11.exe.embed.manifest.res"
         Debug\main.obj
       Manifest:
         C:\Program Files (x86)\Microsoft SDKs\Windows\v7.0A\bin\mt.exe /nologo /verbose /out:"Debug\Assignment 11.exe.embed.manifest" /manifest "Debug\Assignment 11.exe.intermediate.manifest"
         All outputs are up-to-date.
       LinkEmbedManifest:
         All outputs are up-to-date.
         Assignment 11.vcxproj -> E:\Documents\OIT Class Materials\Cst211 Spring '12\Assignment 11\Debug\Assignment 11.exe
       FinalizeBuildStatus:
         Deleting file "Debug\Assignment 11.unsuccessfulbuild".
         Touching "Debug\Assignment 11.lastbuildstate".
     1>Done Building Project "E:\Documents\OIT Class Materials\Cst211 Spring '12\Assignment 11\Assignment 11\Assignment 11.vcxproj" (build target(s)).

Build succeeded.

Time Elapsed 00:00:01.74
