Build started 4/23/2012 5:28:01 PM.
     1>Project "E:\Documents\OIT Class Materials\Cst211 Spring '12\Lab 2 - Sorts\Lab 2 - Sorts\Lab 2 - Sorts.vcxproj" on node 2 (build target(s)).
     1>InitializeBuildStatus:
         Creating "Debug\Lab 2 - Sorts.unsuccessfulbuild" because "AlwaysCreate" was specified.
       ClCompile:
         C:\Program Files (x86)\Microsoft Visual Studio 10.0\VC\bin\CL.exe /c /ZI /nologo /W3 /WX- /Od /Oy- /D WIN32 /D _DEBUG /D _CONSOLE /D _UNICODE /D UNICODE /Gm /EHsc /RTC1 /MDd /GS /fp:precise /Zc:wchar_t /Zc:forScope /Fo"Debug\\" /Fd"Debug\vc100.pdb" /Gd /TP /analyze- /errorReport:prompt "..\..\..\Cst211 Spring '12\Lab 2 - Sorts\Lab 2 - Sorts\main.cpp"
         main.cpp
     1>e:\documents\oit class materials\cst211 spring '12\lab 2 - sorts\lab 2 - sorts\main.cpp(277): warning C4018: '<' : signed/unsigned mismatch
                 e:\documents\oit class materials\cst211 spring '12\lab 2 - sorts\lab 2 - sorts\main.cpp(138) : see reference to function template instantiation 'void ResetArrays<int>(std::vector<_Ty>,std::vector<_Ty> &,Array<T> &,T *)' being compiled
                 with
                 [
                     _Ty=int,
                     T=int
                 ]
       ManifestResourceCompile:
         All outputs are up-to-date.
       Link:
         C:\Program Files (x86)\Microsoft Visual Studio 10.0\VC\bin\link.exe /ERRORREPORT:PROMPT /OUT:"E:\Documents\OIT Class Materials\Cst211 Spring '12\Lab 2 - Sorts\Debug\Lab 2 - Sorts.exe" /INCREMENTAL /NOLOGO kernel32.lib user32.lib gdi32.lib winspool.lib comdlg32.lib advapi32.lib shell32.lib ole32.lib oleaut32.lib uuid.lib odbc32.lib odbccp32.lib /MANIFEST /ManifestFile:"Debug\Lab 2 - Sorts.exe.intermediate.manifest" /MANIFESTUAC:"level='asInvoker' uiAccess='false'" /DEBUG /PDB:"E:\Documents\OIT Class Materials\Cst211 Spring '12\Lab 2 - Sorts\Debug\Lab 2 - Sorts.pdb" /SUBSYSTEM:CONSOLE /TLBID:1 /DYNAMICBASE /NXCOMPAT /IMPLIB:"E:\Documents\OIT Class Materials\Cst211 Spring '12\Lab 2 - Sorts\Debug\Lab 2 - Sorts.lib" /MACHINE:X86 "Debug\Lab 2 - Sorts.exe.embed.manifest.res"
         Debug\Exception.obj
         Debug\main.obj
         Debug\Timer.obj
       Manifest:
         C:\Program Files (x86)\Microsoft SDKs\Windows\v7.0A\bin\mt.exe /nologo /verbose /out:"Debug\Lab 2 - Sorts.exe.embed.manifest" /manifest "Debug\Lab 2 - Sorts.exe.intermediate.manifest"
         All outputs are up-to-date.
       LinkEmbedManifest:
         All outputs are up-to-date.
         Lab 2 - Sorts.vcxproj -> E:\Documents\OIT Class Materials\Cst211 Spring '12\Lab 2 - Sorts\Debug\Lab 2 - Sorts.exe
       FinalizeBuildStatus:
         Deleting file "Debug\Lab 2 - Sorts.unsuccessfulbuild".
         Touching "Debug\Lab 2 - Sorts.lastbuildstate".
     1>Done Building Project "E:\Documents\OIT Class Materials\Cst211 Spring '12\Lab 2 - Sorts\Lab 2 - Sorts\Lab 2 - Sorts.vcxproj" (build target(s)).

Build succeeded.

Time Elapsed 00:00:02.06
