Build started 5/6/2012 8:24:50 PM.
     1>Project "E:\Documents\OIT Class Materials\Cst211 Spring '12\Assignment5\Assignment5\Assignment5.vcxproj" on node 2 (build target(s)).
     1>InitializeBuildStatus:
         Creating "Debug\Assignment5.unsuccessfulbuild" because "AlwaysCreate" was specified.
       ClCompile:
         C:\Program Files (x86)\Microsoft Visual Studio 10.0\VC\bin\CL.exe /c /ZI /nologo /W3 /WX- /Od /Oy- /D WIN32 /D _DEBUG /D _CONSOLE /D _UNICODE /D UNICODE /Gm /EHsc /RTC1 /MDd /GS /fp:precise /Zc:wchar_t /Zc:forScope /Fo"Debug\\" /Fd"Debug\vc100.pdb" /Gd /TP /analyze- /errorReport:prompt "..\..\..\Cst211 Spring '12\Assignment5\Assignment5\main.cpp"
         main.cpp
       ManifestResourceCompile:
         All outputs are up-to-date.
       Link:
         C:\Program Files (x86)\Microsoft Visual Studio 10.0\VC\bin\link.exe /ERRORREPORT:PROMPT /OUT:"E:\Documents\OIT Class Materials\Cst211 Spring '12\Assignment5\Debug\Assignment5.exe" /INCREMENTAL /NOLOGO kernel32.lib user32.lib gdi32.lib winspool.lib comdlg32.lib advapi32.lib shell32.lib ole32.lib oleaut32.lib uuid.lib odbc32.lib odbccp32.lib /MANIFEST /ManifestFile:"Debug\Assignment5.exe.intermediate.manifest" /MANIFESTUAC:"level='asInvoker' uiAccess='false'" /DEBUG /PDB:"E:\Documents\OIT Class Materials\Cst211 Spring '12\Assignment5\Debug\Assignment5.pdb" /SUBSYSTEM:CONSOLE /TLBID:1 /DYNAMICBASE /NXCOMPAT /IMPLIB:"E:\Documents\OIT Class Materials\Cst211 Spring '12\Assignment5\Debug\Assignment5.lib" /MACHINE:X86 Debug\Assignment5.exe.embed.manifest.res
         Debug\main.obj
       Manifest:
         C:\Program Files (x86)\Microsoft SDKs\Windows\v7.0A\bin\mt.exe /nologo /verbose /out:"Debug\Assignment5.exe.embed.manifest" /manifest Debug\Assignment5.exe.intermediate.manifest
         All outputs are up-to-date.
       LinkEmbedManifest:
         All outputs are up-to-date.
         Assignment5.vcxproj -> E:\Documents\OIT Class Materials\Cst211 Spring '12\Assignment5\Debug\Assignment5.exe
       FinalizeBuildStatus:
         Deleting file "Debug\Assignment5.unsuccessfulbuild".
         Touching "Debug\Assignment5.lastbuildstate".
     1>Done Building Project "E:\Documents\OIT Class Materials\Cst211 Spring '12\Assignment5\Assignment5\Assignment5.vcxproj" (build target(s)).

Build succeeded.

Time Elapsed 00:00:02.01
