E:\DOCUMENTS\OIT CLASS MATERIALS\CST211 SPRING '12\LAB 4 - AVL TREE\DEBUG\LAB 4 - AVL TREE.EXE
E:\DOCUMENTS\OIT CLASS MATERIALS\CST211 SPRING '12\LAB 4 - AVL TREE\DEBUG\LAB 4 - AVL TREE.ILK
E:\DOCUMENTS\OIT CLASS MATERIALS\CST211 SPRING '12\LAB 4 - AVL TREE\DEBUG\LAB 4 - AVL TREE.PDB
E:\Documents\OIT Class Materials\Cst211 Spring '12\Lab 4 - AVL Tree\Lab 4 - AVL Tree\Debug\cl.command.1.tlog
E:\Documents\OIT Class Materials\Cst211 Spring '12\Lab 4 - AVL Tree\Lab 4 - AVL Tree\Debug\CL.read.1.tlog
E:\Documents\OIT Class Materials\Cst211 Spring '12\Lab 4 - AVL Tree\Lab 4 - AVL Tree\Debug\CL.write.1.tlog
E:\DOCUMENTS\OIT CLASS MATERIALS\CST211 SPRING '12\LAB 4 - AVL TREE\LAB 4 - AVL TREE\DEBUG\EXCEPTION.OBJ
E:\DOCUMENTS\OIT CLASS MATERIALS\CST211 SPRING '12\LAB 4 - AVL TREE\LAB 4 - AVL TREE\DEBUG\LAB 4 - AVL TREE.EXE.EMBED.MANIFEST
E:\DOCUMENTS\OIT CLASS MATERIALS\CST211 SPRING '12\LAB 4 - AVL TREE\LAB 4 - AVL TREE\DEBUG\LAB 4 - AVL TREE.EXE.EMBED.MANIFEST.RES
E:\DOCUMENTS\OIT CLASS MATERIALS\CST211 SPRING '12\LAB 4 - AVL TREE\LAB 4 - AVL TREE\DEBUG\LAB 4 - AVL TREE.EXE.INTERMEDIATE.MANIFEST
E:\Documents\OIT Class Materials\Cst211 Spring '12\Lab 4 - AVL Tree\Lab 4 - AVL Tree\Debug\Lab 4 - AVL Tree_manifest.rc
E:\Documents\OIT Class Materials\Cst211 Spring '12\Lab 4 - AVL Tree\Lab 4 - AVL Tree\Debug\link.3784.read.1.tlog
E:\Documents\OIT Class Materials\Cst211 Spring '12\Lab 4 - AVL Tree\Lab 4 - AVL Tree\Debug\link.3784.write.1.tlog
E:\Documents\OIT Class Materials\Cst211 Spring '12\Lab 4 - AVL Tree\Lab 4 - AVL Tree\Debug\link.3784-cvtres.read.1.tlog
E:\Documents\OIT Class Materials\Cst211 Spring '12\Lab 4 - AVL Tree\Lab 4 - AVL Tree\Debug\link.3784-cvtres.write.1.tlog
E:\Documents\OIT Class Materials\Cst211 Spring '12\Lab 4 - AVL Tree\Lab 4 - AVL Tree\Debug\link.4688.read.1.tlog
E:\Documents\OIT Class Materials\Cst211 Spring '12\Lab 4 - AVL Tree\Lab 4 - AVL Tree\Debug\link.4688.write.1.tlog
E:\Documents\OIT Class Materials\Cst211 Spring '12\Lab 4 - AVL Tree\Lab 4 - AVL Tree\Debug\link.4688-cvtres.read.1.tlog
E:\Documents\OIT Class Materials\Cst211 Spring '12\Lab 4 - AVL Tree\Lab 4 - AVL Tree\Debug\link.4688-cvtres.write.1.tlog
E:\Documents\OIT Class Materials\Cst211 Spring '12\Lab 4 - AVL Tree\Lab 4 - AVL Tree\Debug\link.command.1.tlog
E:\Documents\OIT Class Materials\Cst211 Spring '12\Lab 4 - AVL Tree\Lab 4 - AVL Tree\Debug\link.read.1.tlog
E:\Documents\OIT Class Materials\Cst211 Spring '12\Lab 4 - AVL Tree\Lab 4 - AVL Tree\Debug\link.write.1.tlog
E:\Documents\OIT Class Materials\Cst211 Spring '12\Lab 4 - AVL Tree\Lab 4 - AVL Tree\Debug\link-cvtres.read.1.tlog
E:\Documents\OIT Class Materials\Cst211 Spring '12\Lab 4 - AVL Tree\Lab 4 - AVL Tree\Debug\link-cvtres.write.1.tlog
E:\DOCUMENTS\OIT CLASS MATERIALS\CST211 SPRING '12\LAB 4 - AVL TREE\LAB 4 - AVL TREE\DEBUG\MAIN.OBJ
E:\Documents\OIT Class Materials\Cst211 Spring '12\Lab 4 - AVL Tree\Lab 4 - AVL Tree\Debug\mt.command.1.tlog
E:\Documents\OIT Class Materials\Cst211 Spring '12\Lab 4 - AVL Tree\Lab 4 - AVL Tree\Debug\mt.read.1.tlog
E:\Documents\OIT Class Materials\Cst211 Spring '12\Lab 4 - AVL Tree\Lab 4 - AVL Tree\Debug\mt.write.1.tlog
E:\Documents\OIT Class Materials\Cst211 Spring '12\Lab 4 - AVL Tree\Lab 4 - AVL Tree\Debug\rc.command.1.tlog
E:\Documents\OIT Class Materials\Cst211 Spring '12\Lab 4 - AVL Tree\Lab 4 - AVL Tree\Debug\rc.read.1.tlog
E:\Documents\OIT Class Materials\Cst211 Spring '12\Lab 4 - AVL Tree\Lab 4 - AVL Tree\Debug\rc.write.1.tlog
E:\Documents\OIT Class Materials\Cst211 Spring '12\Lab 4 - AVL Tree\Lab 4 - AVL Tree\Debug\vc100.idb
E:\DOCUMENTS\OIT CLASS MATERIALS\CST211 SPRING '12\LAB 4 - AVL TREE\LAB 4 - AVL TREE\DEBUG\VC100.PDB
