Build started 4/24/2012 12:09:08 AM.
     1>Project "E:\Documents\OIT Class Materials\Cst211 Spring '12\Lab 2 - Sorts\Lab 2 - Sorts\Lab 2 - Sorts.vcxproj" on node 2 (build target(s)).
     1>InitializeBuildStatus:
         Creating "Release\Lab 2 - Sorts.unsuccessfulbuild" because "AlwaysCreate" was specified.
       ClCompile:
         C:\Program Files (x86)\Microsoft Visual Studio 10.0\VC\bin\CL.exe /c /Zi /nologo /W3 /WX- /O2 /Oi /Oy- /GL /D WIN32 /D NDEBUG /D _CONSOLE /D _UNICODE /D UNICODE /Gm- /EHsc /MD /GS /Gy /fp:precise /Zc:wchar_t /Zc:forScope /Fo"Release\\" /Fd"Release\vc100.pdb" /Gd /TP /analyze- /errorReport:prompt "..\..\..\Cst211 Spring '12\Lab 2 - Sorts\Lab 2 - Sorts\main.cpp"
         main.cpp
       Link:
         C:\Program Files (x86)\Microsoft Visual Studio 10.0\VC\bin\link.exe /ERRORREPORT:PROMPT /OUT:"E:\Documents\OIT Class Materials\Cst211 Spring '12\Lab 2 - Sorts\Release\Lab 2 - Sorts.exe" /INCREMENTAL:NO /NOLOGO kernel32.lib user32.lib gdi32.lib winspool.lib comdlg32.lib advapi32.lib shell32.lib ole32.lib oleaut32.lib uuid.lib odbc32.lib odbccp32.lib /MANIFEST /ManifestFile:"Release\Lab 2 - Sorts.exe.intermediate.manifest" /MANIFESTUAC:"level='asInvoker' uiAccess='false'" /DEBUG /PDB:"E:\Documents\OIT Class Materials\Cst211 Spring '12\Lab 2 - Sorts\Release\Lab 2 - Sorts.pdb" /SUBSYSTEM:CONSOLE /OPT:REF /OPT:ICF /LTCG /TLBID:1 /DYNAMICBASE /NXCOMPAT /IMPLIB:"E:\Documents\OIT Class Materials\Cst211 Spring '12\Lab 2 - Sorts\Release\Lab 2 - Sorts.lib" /MACHINE:X86 Release\Exception.obj
         Release\main.obj
         Release\Timer.obj
         Generating code
         Finished generating code
         Lab 2 - Sorts.vcxproj -> E:\Documents\OIT Class Materials\Cst211 Spring '12\Lab 2 - Sorts\Release\Lab 2 - Sorts.exe
       Manifest:
         C:\Program Files (x86)\Microsoft SDKs\Windows\v7.0A\bin\mt.exe /nologo /verbose /outputresource:"E:\Documents\OIT Class Materials\Cst211 Spring '12\Lab 2 - Sorts\Release\Lab 2 - Sorts.exe;#1" /manifest "Release\Lab 2 - Sorts.exe.intermediate.manifest"
       FinalizeBuildStatus:
         Deleting file "Release\Lab 2 - Sorts.unsuccessfulbuild".
         Touching "Release\Lab 2 - Sorts.lastbuildstate".
     1>Done Building Project "E:\Documents\OIT Class Materials\Cst211 Spring '12\Lab 2 - Sorts\Lab 2 - Sorts\Lab 2 - Sorts.vcxproj" (build target(s)).

Build succeeded.

Time Elapsed 00:00:02.18
