Build started 4/7/2012 10:14:22 PM.
     1>Project "E:\Documents\OIT Class Materials\Cst211 Spring '12\Assignment3\Assignment3\Assignment3.vcxproj" on node 2 (build target(s)).
     1>InitializeBuildStatus:
         Creating "Debug\Assignment3.unsuccessfulbuild" because "AlwaysCreate" was specified.
       ClCompile:
         C:\Program Files (x86)\Microsoft Visual Studio 10.0\VC\bin\CL.exe /c /ZI /nologo /W3 /WX- /Od /Oy- /D WIN32 /D _DEBUG /D _CONSOLE /D _UNICODE /D UNICODE /Gm /EHsc /RTC1 /MDd /GS /fp:precise /Zc:wchar_t /Zc:forScope /Fo"Debug\\" /Fd"Debug\vc100.pdb" /Gd /TP /analyze- /errorReport:prompt "..\..\..\CST211 Spring '12\Assignment3\Assignment3\main.cpp"
         main.cpp
       ManifestResourceCompile:
         All outputs are up-to-date.
       Link:
         C:\Program Files (x86)\Microsoft Visual Studio 10.0\VC\bin\link.exe /ERRORREPORT:PROMPT /OUT:"E:\Documents\OIT Class Materials\Cst211 Spring '12\Assignment3\Debug\Assignment3.exe" /INCREMENTAL /NOLOGO /LIBPATH:"Z:\CST211 Spring '12\Assignment1\Assignment1" kernel32.lib user32.lib gdi32.lib winspool.lib comdlg32.lib advapi32.lib shell32.lib ole32.lib oleaut32.lib uuid.lib odbc32.lib odbccp32.lib /MANIFEST /ManifestFile:"Debug\Assignment3.exe.intermediate.manifest" /MANIFESTUAC:"level='asInvoker' uiAccess='false'" /DEBUG /PDB:"E:\Documents\OIT Class Materials\Cst211 Spring '12\Assignment3\Debug\Assignment3.pdb" /SUBSYSTEM:CONSOLE /TLBID:1 /DYNAMICBASE /NXCOMPAT /IMPLIB:"E:\Documents\OIT Class Materials\Cst211 Spring '12\Assignment3\Debug\Assignment3.lib" /MACHINE:X86 Debug\Assignment3.exe.embed.manifest.res
         Debug\Exception.obj
         Debug\main.obj
       Manifest:
         C:\Program Files (x86)\Microsoft SDKs\Windows\v7.0A\bin\mt.exe /nologo /verbose /out:"Debug\Assignment3.exe.embed.manifest" /manifest Debug\Assignment3.exe.intermediate.manifest
         All outputs are up-to-date.
       LinkEmbedManifest:
         All outputs are up-to-date.
         Assignment3.vcxproj -> E:\Documents\OIT Class Materials\Cst211 Spring '12\Assignment3\Debug\Assignment3.exe
       FinalizeBuildStatus:
         Deleting file "Debug\Assignment3.unsuccessfulbuild".
         Touching "Debug\Assignment3.lastbuildstate".
     1>Done Building Project "E:\Documents\OIT Class Materials\Cst211 Spring '12\Assignment3\Assignment3\Assignment3.vcxproj" (build target(s)).

Build succeeded.

Time Elapsed 00:00:01.19
