E:\DOCUMENTS\OIT CLASS MATERIALS\CST211 SPRING '12\ASSIGNMENT1\ASSIGNMENT1\DEBUG\ASSIGNMENT1.EXE.EMBED.MANIFEST
E:\DOCUMENTS\OIT CLASS MATERIALS\CST211 SPRING '12\ASSIGNMENT1\ASSIGNMENT1\DEBUG\ASSIGNMENT1.EXE.EMBED.MANIFEST.RES
E:\DOCUMENTS\OIT CLASS MATERIALS\CST211 SPRING '12\ASSIGNMENT1\ASSIGNMENT1\DEBUG\ASSIGNMENT1.EXE.INTERMEDIATE.MANIFEST
E:\Documents\OIT Class Materials\Cst211 Spring '12\Assignment1\Assignment1\Debug\Assignment1_manifest.rc
E:\Documents\OIT Class Materials\Cst211 Spring '12\Assignment1\Assignment1\Debug\cl.command.1.tlog
E:\Documents\OIT Class Materials\Cst211 Spring '12\Assignment1\Assignment1\Debug\CL.read.1.tlog
E:\Documents\OIT Class Materials\Cst211 Spring '12\Assignment1\Assignment1\Debug\CL.write.1.tlog
E:\DOCUMENTS\OIT CLASS MATERIALS\CST211 SPRING '12\ASSIGNMENT1\ASSIGNMENT1\DEBUG\EXCEPTION.OBJ
E:\Documents\OIT Class Materials\Cst211 Spring '12\Assignment1\Assignment1\Debug\link.2824.read.1.tlog
E:\Documents\OIT Class Materials\Cst211 Spring '12\Assignment1\Assignment1\Debug\link.2824.write.1.tlog
E:\Documents\OIT Class Materials\Cst211 Spring '12\Assignment1\Assignment1\Debug\link.2824-cvtres.read.1.tlog
E:\Documents\OIT Class Materials\Cst211 Spring '12\Assignment1\Assignment1\Debug\link.2824-cvtres.write.1.tlog
E:\Documents\OIT Class Materials\Cst211 Spring '12\Assignment1\Assignment1\Debug\link.3392.read.1.tlog
E:\Documents\OIT Class Materials\Cst211 Spring '12\Assignment1\Assignment1\Debug\link.3392.write.1.tlog
E:\Documents\OIT Class Materials\Cst211 Spring '12\Assignment1\Assignment1\Debug\link.3392-cvtres.read.1.tlog
E:\Documents\OIT Class Materials\Cst211 Spring '12\Assignment1\Assignment1\Debug\link.3392-cvtres.write.1.tlog
E:\Documents\OIT Class Materials\Cst211 Spring '12\Assignment1\Assignment1\Debug\link.3656.read.1.tlog
E:\Documents\OIT Class Materials\Cst211 Spring '12\Assignment1\Assignment1\Debug\link.3656.write.1.tlog
E:\Documents\OIT Class Materials\Cst211 Spring '12\Assignment1\Assignment1\Debug\link.3656-cvtres.read.1.tlog
E:\Documents\OIT Class Materials\Cst211 Spring '12\Assignment1\Assignment1\Debug\link.3656-cvtres.write.1.tlog
E:\Documents\OIT Class Materials\Cst211 Spring '12\Assignment1\Assignment1\Debug\link.command.1.tlog
E:\Documents\OIT Class Materials\Cst211 Spring '12\Assignment1\Assignment1\Debug\link.read.1.tlog
E:\Documents\OIT Class Materials\Cst211 Spring '12\Assignment1\Assignment1\Debug\link.write.1.tlog
E:\Documents\OIT Class Materials\Cst211 Spring '12\Assignment1\Assignment1\Debug\link-cvtres.read.1.tlog
E:\Documents\OIT Class Materials\Cst211 Spring '12\Assignment1\Assignment1\Debug\link-cvtres.write.1.tlog
E:\DOCUMENTS\OIT CLASS MATERIALS\CST211 SPRING '12\ASSIGNMENT1\ASSIGNMENT1\DEBUG\MAIN.OBJ
E:\Documents\OIT Class Materials\Cst211 Spring '12\Assignment1\Assignment1\Debug\mt.command.1.tlog
E:\Documents\OIT Class Materials\Cst211 Spring '12\Assignment1\Assignment1\Debug\mt.read.1.tlog
E:\Documents\OIT Class Materials\Cst211 Spring '12\Assignment1\Assignment1\Debug\mt.write.1.tlog
E:\Documents\OIT Class Materials\Cst211 Spring '12\Assignment1\Assignment1\Debug\rc.command.1.tlog
E:\Documents\OIT Class Materials\Cst211 Spring '12\Assignment1\Assignment1\Debug\rc.read.1.tlog
E:\Documents\OIT Class Materials\Cst211 Spring '12\Assignment1\Assignment1\Debug\rc.write.1.tlog
E:\Documents\OIT Class Materials\Cst211 Spring '12\Assignment1\Assignment1\Debug\vc100.idb
E:\DOCUMENTS\OIT CLASS MATERIALS\CST211 SPRING '12\ASSIGNMENT1\ASSIGNMENT1\DEBUG\VC100.PDB
E:\DOCUMENTS\OIT CLASS MATERIALS\CST211 SPRING '12\SOLPROJ TESTING\DEBUG\ASSIGNMENT1.EXE
E:\DOCUMENTS\OIT CLASS MATERIALS\CST211 SPRING '12\SOLPROJ TESTING\DEBUG\ASSIGNMENT1.ILK
E:\DOCUMENTS\OIT CLASS MATERIALS\CST211 SPRING '12\SOLPROJ TESTING\DEBUG\ASSIGNMENT1.PDB
