Build started 5/12/2012 6:42:24 PM.
     1>Project "E:\Documents\OIT Class Materials\Cst211 Spring '12\Assignment1\Assignment1\Assignment1.vcxproj" on node 3 (rebuild target(s)).
     1>InitializeBuildStatus:
         Creating "Release\Assignment1.unsuccessfulbuild" because "AlwaysCreate" was specified.
       ClCompile:
         C:\Program Files (x86)\Microsoft Visual Studio 10.0\VC\bin\CL.exe /c /Zi /nologo /W3 /WX- /O2 /Oi /Oy- /GL /D WIN32 /D NDEBUG /D _CONSOLE /D _UNICODE /D UNICODE /Gm- /EHsc /MD /GS /Gy /fp:precise /Zc:wchar_t /Zc:forScope /Fo"Release\\" /Fd"Release\vc100.pdb" /Gd /TP /analyze- /errorReport:prompt "..\..\..\Cst211 Spring '12\Assignment1\Assignment1\Exception.cpp" "..\..\..\Cst211 Spring '12\Assignment1\Assignment1\main.cpp"
         Exception.cpp
     1>..\..\..\Cst211 Spring '12\Assignment1\Assignment1\Exception.cpp(98): warning C4996: 'strcpy': This function or variable may be unsafe. Consider using strcpy_s instead. To disable deprecation, use _CRT_SECURE_NO_WARNINGS. See online help for details.
                 C:\Program Files (x86)\Microsoft Visual Studio 10.0\VC\include\string.h(105) : see declaration of 'strcpy'
     1>..\..\..\Cst211 Spring '12\Assignment1\Assignment1\Exception.cpp(134): warning C4996: 'strcpy': This function or variable may be unsafe. Consider using strcpy_s instead. To disable deprecation, use _CRT_SECURE_NO_WARNINGS. See online help for details.
                 C:\Program Files (x86)\Microsoft Visual Studio 10.0\VC\include\string.h(105) : see declaration of 'strcpy'
         main.cpp
       Link:
         C:\Program Files (x86)\Microsoft Visual Studio 10.0\VC\bin\link.exe /ERRORREPORT:PROMPT /OUT:"E:\Documents\OIT Class Materials\Cst211 Spring '12\SolProj Testing\Release\Assignment1.exe" /INCREMENTAL:NO /NOLOGO kernel32.lib user32.lib gdi32.lib winspool.lib comdlg32.lib advapi32.lib shell32.lib ole32.lib oleaut32.lib uuid.lib odbc32.lib odbccp32.lib /MANIFEST /ManifestFile:"Release\Assignment1.exe.intermediate.manifest" /MANIFESTUAC:"level='asInvoker' uiAccess='false'" /DEBUG /PDB:"E:\Documents\OIT Class Materials\Cst211 Spring '12\SolProj Testing\Release\Assignment1.pdb" /SUBSYSTEM:CONSOLE /OPT:REF /OPT:ICF /LTCG /TLBID:1 /DYNAMICBASE /NXCOMPAT /IMPLIB:"E:\Documents\OIT Class Materials\Cst211 Spring '12\SolProj Testing\Release\Assignment1.lib" /MACHINE:X86 Release\Exception.obj
         Release\main.obj
         Generating code
         Finished generating code
         Assignment1.vcxproj -> E:\Documents\OIT Class Materials\Cst211 Spring '12\SolProj Testing\Release\Assignment1.exe
       Manifest:
         C:\Program Files (x86)\Microsoft SDKs\Windows\v7.0A\bin\mt.exe /nologo /verbose /outputresource:"E:\Documents\OIT Class Materials\Cst211 Spring '12\SolProj Testing\Release\Assignment1.exe;#1" /manifest Release\Assignment1.exe.intermediate.manifest
       FinalizeBuildStatus:
         Deleting file "Release\Assignment1.unsuccessfulbuild".
         Touching "Release\Assignment1.lastbuildstate".
     1>Done Building Project "E:\Documents\OIT Class Materials\Cst211 Spring '12\Assignment1\Assignment1\Assignment1.vcxproj" (rebuild target(s)).

Build succeeded.

Time Elapsed 00:00:02.23
