Build started 5/3/2012 1:45:42 PM.
     1>Project "E:\Documents\OIT Class Materials\Cst211 Spring '12\Assignment9\Assignment9\Assignment9.vcxproj" on node 2 (build target(s)).
     1>InitializeBuildStatus:
         Creating "Debug\Assignment9.unsuccessfulbuild" because "AlwaysCreate" was specified.
       ClCompile:
         C:\Program Files (x86)\Microsoft Visual Studio 10.0\VC\bin\CL.exe /c /ZI /nologo /W3 /WX- /Od /Oy- /D WIN32 /D _DEBUG /D _CONSOLE /D _UNICODE /D UNICODE /Gm /EHsc /RTC1 /MDd /GS /fp:precise /Zc:wchar_t /Zc:forScope /Fo"Debug\\" /Fd"Debug\vc100.pdb" /Gd /TP /analyze- /errorReport:prompt "..\..\..\Cst211 Spring '12\Assignment9\Assignment9\main.cpp"
         main.cpp
     1>e:\documents\oit class materials\cst211 spring '12\assignment9\assignment9\queue.h(135): warning C4172: returning address of local variable or temporary
                 e:\documents\oit class materials\cst211 spring '12\assignment9\assignment9\queue.h(128) : while compiling class template member function 'const int &Queue<T>::Dequeue(void)'
                 with
                 [
                     T=int
                 ]
                 e:\documents\oit class materials\cst211 spring '12\assignment9\assignment9\main.cpp(32) : see reference to class template instantiation 'Queue<T>' being compiled
                 with
                 [
                     T=int
                 ]
       ManifestResourceCompile:
         All outputs are up-to-date.
       Link:
         C:\Program Files (x86)\Microsoft Visual Studio 10.0\VC\bin\link.exe /ERRORREPORT:PROMPT /OUT:"E:\Documents\OIT Class Materials\Cst211 Spring '12\Assignment9\Debug\Assignment9.exe" /INCREMENTAL /NOLOGO kernel32.lib user32.lib gdi32.lib winspool.lib comdlg32.lib advapi32.lib shell32.lib ole32.lib oleaut32.lib uuid.lib odbc32.lib odbccp32.lib /MANIFEST /ManifestFile:"Debug\Assignment9.exe.intermediate.manifest" /MANIFESTUAC:"level='asInvoker' uiAccess='false'" /DEBUG /PDB:"E:\Documents\OIT Class Materials\Cst211 Spring '12\Assignment9\Debug\Assignment9.pdb" /SUBSYSTEM:CONSOLE /TLBID:1 /DYNAMICBASE /NXCOMPAT /IMPLIB:"E:\Documents\OIT Class Materials\Cst211 Spring '12\Assignment9\Debug\Assignment9.lib" /MACHINE:X86 Debug\Assignment9.exe.embed.manifest.res
         Debug\Exception.obj
         Debug\main.obj
       Manifest:
         C:\Program Files (x86)\Microsoft SDKs\Windows\v7.0A\bin\mt.exe /nologo /verbose /out:"Debug\Assignment9.exe.embed.manifest" /manifest Debug\Assignment9.exe.intermediate.manifest
         All outputs are up-to-date.
       LinkEmbedManifest:
         All outputs are up-to-date.
         Assignment9.vcxproj -> E:\Documents\OIT Class Materials\Cst211 Spring '12\Assignment9\Debug\Assignment9.exe
       FinalizeBuildStatus:
         Deleting file "Debug\Assignment9.unsuccessfulbuild".
         Touching "Debug\Assignment9.lastbuildstate".
     1>Done Building Project "E:\Documents\OIT Class Materials\Cst211 Spring '12\Assignment9\Assignment9\Assignment9.vcxproj" (build target(s)).

Build succeeded.

Time Elapsed 00:00:01.14
